July 31 00:06:21 mycomputername kernel[96041]: WARN Failed to start network connection
July 31 00:09:53 mycomputername updater[46711]: WARN Computer needs to be turned off and on again
July 31 00:12:36 mycomputername kernel[48462]: INFO Successfully connected
July 31 00:13:52 mycomputername updater[43530]: ERROR Error running Python2.exe: Segmentation Fault (core dumped)
July 31 00:16:13 mycomputername NetworkManager[63902]: WARN Failed to start application install
July 31 00:26:45 mycomputername CRON[83063]: INFO I'm sorry Dave. I'm afraid I can't do that
July 31 00:27:56 mycomputername cacheclient[75746]: WARN PC Load Letter
July 31 00:33:31 mycomputername system[25588]: ERROR Out of yellow ink, specifically, even though you want grayscale
July 31 00:36:55 mycomputername updater[73786]: WARN Packet loss
July 31 00:37:38 mycomputername dhcpclient[87602]: INFO Googling the answer
July 31 00:37:48 mycomputername utility[21449]: ERROR The cake is a lie!
July 31 00:44:50 mycomputername kernel[63793]: ERROR Failed process [13966]
July 31 00:45:23 mycomputername cacheclient[55644]: ERROR Unable to download more RAM
July 31 00:51:23 mycomputername cacheclient[85917]: ERROR Failed process [13966]
July 31 01:06:51 mycomputername cacheclient[47853]: WARN Computer needs to be turned off and on again
July 31 01:07:17 mycomputername system[78132]: INFO Packets sent successfully
July 31 01:19:34 mycomputername CRON[94028]: WARN Failed to start network connection
July 31 01:24:05 mycomputername utility[14905]: INFO Healthy resource usage
July 31 01:29:04 mycomputername kernel[57436]: INFO Generating Logs
July 31 01:36:27 mycomputername process[81163]: ERROR Unable to download more RAM
July 31 01:40:38 mycomputername kernel[35287]: ERROR ID: 10t
July 31 01:42:02 mycomputername jam_tag=psim[27947]: INFO I'm sorry Dave. I'm afraid I can't do that
July 31 01:42:28 mycomputername kernel[16004]: WARN Computer needs to be turned off and on again
July 31 01:45:14 mycomputername cacheclient[28721]: INFO Googling the answer
July 31 02:01:20 mycomputername NetworkManager[55118]: ERROR Unable to perform package upgrade
July 31 02:12:54 mycomputername kernel[30641]: WARN Low on memory
July 31 02:23:37 mycomputername utility[37367]: INFO Starting sync
July 31 02:25:52 mycomputername system[41921]: WARN Failed to start CPU thread[39016]
July 31 02:34:37 mycomputername kernel[32280]: INFO Loading...
July 31 02:36:44 mycomputername NetworkManager[90289]: WARN Failed to start CPU thread[39016]
July 31 02:39:01 mycomputername CRON[89330]: ERROR Unable to perform package upgrade
July 31 02:45:39 mycomputername utility[57387]: INFO Access permitted
July 31 02:58:44 mycomputername process[44707]: WARN Computer needs to be turned off and on again
July 31 02:59:35 mycomputername system[55024]: WARN Packet loss
July 31 03:09:30 mycomputername kernel[40705]: ERROR The cake is a lie!
July 31 03:23:16 mycomputername cacheclient[57185]: INFO Checking process [16121]
July 31 03:26:56 mycomputername cacheclient[90154]: INFO Healthy resource usage
July 31 03:28:52 mycomputername CRON[55441]: INFO Loading...
July 31 03:29:34 mycomputername dhcpclient[69232]: ERROR Unable to download more RAM
July 31 03:34:41 mycomputername NetworkManager[14120]: ERROR 404 error not found
July 31 03:36:26 mycomputername dhcpclient[79731]: ERROR The cake is a lie!
July 31 03:38:24 mycomputername CRON[92141]: INFO Access permitted
July 31 03:40:00 mycomputername dhcpclient[40114]: INFO Starting sync
July 31 03:42:45 mycomputername utility[53726]: INFO I'm sorry Dave. I'm afraid I can't do that
July 31 03:47:07 mycomputername NetworkManager[63805]: WARN Please reboot user
July 31 04:09:16 mycomputername CRON[52593]: WARN PC Load Letter
July 31 04:11:32 mycomputername CRON[51253]: ERROR: Failed to start CRON job due to script syntax error. Inform the CRON job owner!
July 31 04:11:32 mycomputername jam_tag=psim[84082]: ERROR ID: 10t
July 31 04:12:05 mycomputername utility[63418]: INFO Successfully connected
July 31 04:14:22 mycomputername utility[53225]: ERROR I am error
July 31 04:31:00 mycomputername NetworkManager[23060]: ERROR Out of yellow ink, specifically, even though you want grayscale
July 31 04:36:49 mycomputername dhcpclient[89091]: ERROR Failed process [13966]
July 31 04:37:34 mycomputername cacheclient[63496]: ERROR Sorting a list
July 31 04:45:37 mycomputername CRON[78322]: INFO Checking process [16121]
July 31 04:51:20 mycomputername kernel[66473]: WARN System overheating
July 31 05:00:28 mycomputername NetworkManager[76363]: ERROR The cake is a lie!
July 31 05:10:52 mycomputername jam_tag=psim[26712]: ERROR Process failed
July 31 05:14:16 mycomputername utility[91499]: ERROR Sorting a list
July 31 05:15:02 mycomputername system[76042]: WARN System overheating
July 31 05:18:19 mycomputername kernel[59870]: INFO Starting sync
July 31 05:27:34 mycomputername NetworkManager[67593]: INFO Writing Logs
July 31 05:32:16 mycomputername process[21939]: ERROR Failed process [13966]
July 31 05:34:23 mycomputername NetworkManager[96505]: INFO Plenty of disk space left
July 31 05:36:31 mycomputername utility[15156]: INFO Packets sent successfully
July 31 05:43:29 mycomputername dhcpclient[35484]: ERROR Encapsulating packets
July 31 05:44:07 mycomputername cacheclient[97637]: ERROR Operation completed successfully
July 31 05:58:25 mycomputername process[99181]: ERROR Process failed
July 31 05:59:27 mycomputername utility[74219]: WARN Failed to start CPU thread[39016]
July 31 06:20:09 mycomputername jam_tag=psim[34744]: INFO Loading...
July 31 06:31:02 mycomputername jam_tag=psim[40033]: ERROR Syntax issue
July 31 06:38:58 mycomputername CRON[31832]: INFO Memory allocated
July 31 06:38:58 mycomputername updater[10115]: ERROR Unable to perform package upgrade
July 31 06:43:49 mycomputername jam_tag=psim[59857]: INFO Successfully connected
July 31 06:46:06 mycomputername CRON[12372]: ERROR Unable to perform package upgrade
July 31 06:48:38 mycomputername NetworkManager[95699]: WARN Failed to start network connection
July 31 07:01:16 mycomputername system[39619]: INFO Plenty of disk space left
July 31 07:08:07 mycomputername jam_tag=psim[39984]: INFO Memory allocated
July 31 07:08:10 mycomputername cacheclient[17912]: INFO Generating Logs
July 31 07:10:12 mycomputername process[60665]: INFO Failed to start process[85253]
July 31 07:11:12 mycomputername dhcpclient[98633]: WARN System overheating
July 31 07:24:38 mycomputername jam_tag=psim[83107]: ERROR ID: 10t
July 31 07:34:37 mycomputername process[22428]: INFO Failed to start process[85253]
July 31 07:34:52 mycomputername updater[42267]: ERROR I am error
July 31 07:35:27 mycomputername jam_tag=psim[96969]: INFO Loading...
July 31 07:37:13 mycomputername updater[11461]: ERROR Unable to perform package upgrade
July 31 07:46:27 mycomputername jam_tag=psim[21363]: INFO Packets sent successfully
July 31 07:50:05 mycomputername system[68973]: INFO Compiling code
July 31 08:02:17 mycomputername kernel[84055]: INFO Checking process [16121]
July 31 08:14:45 mycomputername process[84233]: ERROR Out of ink
July 31 08:21:11 mycomputername system[78476]: ERROR Error running Python2.exe: Segmentation Fault (core dumped)
July 31 08:29:59 mycomputername utility[73121]: ERROR I am error
July 31 08:33:24 mycomputername system[55880]: INFO Defragmenting hard drive
July 31 08:39:13 mycomputername utility[78233]: ERROR The cake is a lie!
July 31 08:49:55 mycomputername kernel[88866]: INFO Starting sync
July 31 08:55:07 mycomputername system[24562]: ERROR Process failed
July 31 08:56:17 mycomputername jam_tag=psim[67538]: WARN Packet loss
July 31 09:01:06 mycomputername NetworkManager[89092]: INFO I'm sorry Dave. I'm afraid I can't do that
July 31 09:26:46 mycomputername utility[53969]: WARN Low on memory
July 31 09:29:37 mycomputername CRON[89099]: INFO Packets sent successfully
July 31 09:37:31 mycomputername updater[46513]: ERROR Out of yellow ink, specifically, even though you want grayscale
July 31 09:45:20 mycomputername utility[95200]: ERROR Out of yellow ink, specifically, even though you want grayscale
July 31 09:47:30 mycomputername system[61238]: ERROR I am error
July 31 09:51:01 mycomputername dhcpclient[83799]: WARN Packet loss
July 31 09:54:04 mycomputername system[18585]: ERROR 404 error not found
July 31 09:54:06 mycomputername updater[84188]: ERROR 404 error not found
July 31 09:57:08 mycomputername dhcpclient[26102]: WARN Failed to start application install
July 31 10:21:57 mycomputername NetworkManager[62856]: WARN Failed to start network connection
July 31 10:25:03 mycomputername utility[89273]: ERROR lp0 on fire
July 31 10:26:12 mycomputername utility[23086]: INFO Access permitted
July 31 10:30:37 mycomputername system[48235]: WARN Please reboot user
July 31 10:41:32 mycomputername NetworkManager[70251]: ERROR Sorting a list
July 31 10:53:36 mycomputername system[78903]: ERROR Encapsulating packets
July 31 10:56:12 mycomputername jam_tag=psim[97572]: WARN Failed to start network connection
July 31 10:56:29 mycomputername updater[55938]: ERROR Unable to download more RAM
July 31 10:58:29 mycomputername utility[78692]: INFO Writing Logs
July 31 11:05:09 mycomputername cacheclient[34385]: WARN System overheating
July 31 11:14:39 mycomputername process[22102]: WARN System overheating
July 31 11:18:34 mycomputername process[32468]: ERROR 418: I'm a teapot
July 31 11:19:56 mycomputername system[15816]: ERROR I am error
July 31 11:20:11 mycomputername kernel[77339]: ERROR Out of ink
July 31 11:25:08 mycomputername utility[65264]: INFO Checking process [16121]
July 31 11:27:52 mycomputername CRON[65812]: ERROR ID: 10t
July 31 11:43:32 mycomputername CRON[72993]: WARN Failed to start network connection
July 31 11:50:34 mycomputername CRON[51748]: ERROR ID: 10t
July 31 12:00:29 mycomputername NetworkManager[96959]: ERROR Operation completed successfully
July 31 12:04:22 mycomputername updater[51112]: ERROR lp0 on fire
July 31 12:07:01 mycomputername updater[47209]: ERROR 418: I'm a teapot
July 31 12:15:19 mycomputername updater[76427]: WARN Low on memory
July 31 12:21:53 mycomputername system[33216]: WARN PC Load Letter
July 31 12:42:41 mycomputername system[38483]: ERROR AssertionError 'False' is not 'True'
July 31 12:47:53 mycomputername dhcpclient[17238]: WARN PC Load Letter
July 31 12:48:04 mycomputername system[68448]: ERROR lp0 on fire
July 31 12:54:55 mycomputername updater[93309]: WARN Please send help I am stuck inside the internet
July 31 13:00:34 mycomputername system[62593]: ERROR Out of yellow ink, specifically, even though you want grayscale
July 31 13:04:58 mycomputername cacheclient[63249]: INFO Access permitted
July 31 13:08:06 mycomputername cacheclient[32689]: INFO Loading...
July 31 13:14:54 mycomputername system[84324]: ERROR 404 error not found
July 31 13:23:12 mycomputername system[56046]: ERROR Unable to perform package upgrade
July 31 13:36:17 mycomputername CRON[53567]: ERROR You seriously weren't expecting to find anything useful in here, were you?
July 31 13:39:39 mycomputername process[94615]: ERROR AssertionError 'False' is not 'True'
July 31 14:34:36 mycomputername dhcpclient[37575]: ERROR 404 error not found
July 31 14:44:34 mycomputername kernel[34400]: INFO Successfully connected
July 31 15:18:00 mycomputername process[56145]: WARN Please send help I am stuck inside the internet
July 31 15:21:55 mycomputername CRON[38897]: INFO Failed to start process[85253]
July 31 15:23:54 mycomputername utility[20760]: ERROR lp0 on fire
July 31 15:45:53 mycomputername jam_tag=psim[18544]: INFO Hello world
July 31 15:51:37 mycomputername kernel[79314]: WARN Failed to start CPU thread[39016]
July 31 16:02:05 mycomputername cacheclient[80348]: INFO Starting sync
July 31 16:07:01 mycomputername process[11843]: ERROR Process failed
July 31 16:20:37 mycomputername dhcpclient[36371]: ERROR Unable to download more RAM
July 31 16:24:34 mycomputername updater[83956]: INFO Access permitted
July 31 16:30:59 mycomputername updater[61327]: INFO Starting sync